<?xml version="1.0" encoding="UTF-8"?>
<!-- Generated by org.testng.reporters.JUnitXMLReporter -->
<testsuite ignored="0" hostname="DESKTOP-JN337CQ" failures="0" tests="4" name="Default test" time="47.536" errors="0" timestamp="02 Dec 2022 00:31:19 GMT">
  <testcase classname="com.acti.testcase.LoginPageTC" name="testLoginPageTitle" time="3.581"/>
  <testcase classname="com.acti.testcase.LoginPageTC" name="testActiImageIsDisplayed" time="3.129"/>
  <testcase classname="com.acti.testcase.LoginPageTC" name="testForgotPassowrdIsDisplayed" time="19.31"/>
  <testcase classname="com.acti.testcase.LoginPageTC" name="testLoginFunction" time="21.488"/>
</testsuite> <!-- Default test -->
